C51 COMPILER V9.60.0.0   DISPLAY                                                           08/27/2024 08:36:27 PAGE 1   


C51 COMPILER V9.60.0.0, COMPILATION OF MODULE DISPLAY
OBJECT MODULE PLACED IN .\Objects\display.obj
COMPILER INVOKED BY: D:\Keil_v5\C51\BIN\C51.EXE display.c OPTIMIZE(8,SPEED) BROWSE DEBUG OBJECTEXTEND PRINT(.\Listings\d
                    -isplay.lst) TABS(2) OBJECT(.\Objects\display.obj)

line level    source

   1          #include "reg52.h"
   2          #include "delay.h"
   3          #include "display.h"
   4          
   5          sbit WE = P2^7; //led
   6          sbit DU = P2^6; //led
   7          
   8          sbit lsc = P2^4;
   9          sbit lsb = P2^3;
  10          sbit lsa = P2^2;
  11          
  12          #define SMG_PORT P0 //定义数码管段码口
  13          
  14          void display(unsigned char location,unsigned char number){
  15   1        unsigned char code locate[] = 
  16   1          {
  17   1            0xfe, 
  18   1            0xfd, 
  19   1            0xfb, 
  20   1            0xf7, 
  21   1            0xef, 
  22   1            0xdF, 
  23   1            0xbF, 
  24   1            0x7F
  25   1          };
  26   1        unsigned char code tablel[] =
  27   1          {
  28   1            0x3F, //"0"
  29   1            0x06, //"1"
  30   1            0x5B, //"2"
  31   1            0x4F, //"3"
  32   1            0x66, //"4"
  33   1            0x6D, //"5"
  34   1            0x7D, //"6"
  35   1            0x07, //"7"
  36   1            0x7F, //"8"
  37   1            0x6F, //"9"
  38   1            0x40  //"-"
  39   1          }; //数码管显示数字和符号
  40   1          
  41   1        
  42   1        P0 = 0x00; //初始化P0
  43   1        WE = 1;
  44   1        P0 = locate[location - 1];
  45   1          
  46   1        DU = 1;
  47   1        P0 = tablel[number];
  48   1        DU = 0;
  49   1        delay(1);
  50   1          
  51   1      }


MODULE INFORMATION:   STATIC OVERLAYABLE
C51 COMPILER V9.60.0.0   DISPLAY                                                           08/27/2024 08:36:27 PAGE 2   

   CODE SIZE        =     30    ----
   CONSTANT SIZE    =     19    ----
   XDATA SIZE       =   ----    ----
   PDATA SIZE       =   ----    ----
   DATA SIZE        =   ----    ----
   IDATA SIZE       =   ----    ----
   BIT SIZE         =   ----    ----
END OF MODULE INFORMATION.


C51 COMPILATION COMPLETE.  0 WARNING(S),  0 ERROR(S)
