C51 COMPILER V9.60.0.0   MAIN                                                              08/27/2024 00:55:20 PAGE 1   


C51 COMPILER V9.60.0.0, COMPILATION OF MODULE MAIN
OBJECT MODULE PLACED IN .\Objects\main.obj
COMPILER INVOKED BY: D:\Keil_v5\C51\BIN\C51.EXE main.c OPTIMIZE(8,SPEED) BROWSE DEBUG OBJECTEXTEND PRINT(.\Listings\main
                    -.lst) TABS(2) OBJECT(.\Objects\main.obj)

line level    source

   1          #include "reg52.h"
   2          #include "display.h"
   3          #include "delay.h"
   4          #include "scale_display.h"
   5          #include "timer.h"
   6          
   7          bit mode = 0;
   8          unsigned char sec=0,min=10,num=0,flag=0,q,w,mq,mw,fq,fw;
   9          //µπº∆ ±œ‘ æ
  10          void count_down_display()
  11          {
  12   1        display(1,mw);
  13   1        display(2,mq);
  14   1        display(3,10);
  15   1        display(4,w);
  16   1        display(5,q);
  17   1        display(7,fw);
  18   1        display(8,fq);
  19   1      }
  20          
  21          void main()
  22          {
  23   1        Init_timer0();
  24   1        while(1){
  25   2          if(key_s1==0)
  26   2            delay(5);
  27   2          if(key_s1==0)
  28   2          {
  29   3            mode=~mode;
  30   3            while(!key_s1);
  31   3          }
  32   2          if(mode)
  33   2          {
  34   3            count_down_display();
  35   3          }
  36   2          else
  37   2          {
  38   3            mode_select();
  39   3          }
  40   2        }
  41   1      }
  42          
  43          
  44          void time() interrupt 1
  45          {
  46   1        TH0=(65535-45872)/256;
  47   1        TL0=(65536-45872)%256;
  48   1        num++;
  49   1        if(num==20)
  50   1        {
  51   2          num=0;
  52   2          flag++;
  53   2          sec--;
  54   2          q = sec%10;
C51 COMPILER V9.60.0.0   MAIN                                                              08/27/2024 00:55:20 PAGE 2   

  55   2            w = sec/10;
  56   2          fw=flag/10;
  57   2          fq=flag%10;
  58   2      
  59   2        }
  60   1        if(sec==0)
  61   1        {
  62   2          sec=60;
  63   2          min--;
  64   2          mq=min%10;
  65   2          mw=min/10;
  66   2        }
  67   1        if(flag==24)
  68   1          flag=0;
  69   1        centre_display();
  70   1      }
  71          
  72          
  73          
  74          
  75          


MODULE INFORMATION:   STATIC OVERLAYABLE
   CODE SIZE        =    230    ----
   CONSTANT SIZE    =   ----    ----
   XDATA SIZE       =   ----    ----
   PDATA SIZE       =   ----    ----
   DATA SIZE        =     10    ----
   IDATA SIZE       =   ----    ----
   BIT SIZE         =      1    ----
END OF MODULE INFORMATION.


C51 COMPILATION COMPLETE.  0 WARNING(S),  0 ERROR(S)
