C51 COMPILER V9.60.0.0   TIMER                                                             08/27/2024 00:55:21 PAGE 1   


C51 COMPILER V9.60.0.0, COMPILATION OF MODULE TIMER
OBJECT MODULE PLACED IN .\Objects\timer.obj
COMPILER INVOKED BY: D:\Keil_v5\C51\BIN\C51.EXE timer.c OPTIMIZE(8,SPEED) BROWSE DEBUG OBJECTEXTEND PRINT(.\Listings\tim
                    -er.lst) TABS(2) OBJECT(.\Objects\timer.obj)

line level    source

   1          #include "reg52.h"
   2          #include "timer.h"
   3          #include "display.h"
   4          
   5          #define TIMS 45872 //大约50ms一次
   6          
   7          //初始化定时器0
   8          void Init_timer0()
   9          {
  10   1        TMOD = 0x01; //设置定时器基础模式
  11   1        TL0 = TIMS;
  12   1        TH0 = TIMS >> 8;
  13   1        EA = 1;
  14   1        ET0 = 1;
  15   1        TR0 = 1;
  16   1      }


MODULE INFORMATION:   STATIC OVERLAYABLE
   CODE SIZE        =     16    ----
   CONSTANT SIZE    =   ----    ----
   XDATA SIZE       =   ----    ----
   PDATA SIZE       =   ----    ----
   DATA SIZE        =   ----    ----
   IDATA SIZE       =   ----    ----
   BIT SIZE         =   ----    ----
END OF MODULE INFORMATION.


C51 COMPILATION COMPLETE.  0 WARNING(S),  0 ERROR(S)
